# JRE version: OpenJDK Runtime Environment (8.0_131-b11) (build 1.8.0_131-8u131-b11-2ubuntu1.16.04.3-b11)
# Java VM: OpenJDK Server VM (25.131-b11 mixed mode linux-x86 )
Heap:
 PSYoungGen      total 99072K, used 1088K [0x96ec0000, 0x9d3c0000, 0xa6a00000)
  eden space 94720K, 0% used [0x96ec0000,0x96ec0000,0x9cb40000)
  from space 4352K, 25% used [0x9cb40000,0x9cc50000,0x9cf80000)
  to   space 4096K, 0% used [0x9cfc0000,0x9cfc0000,0x9d3c0000)
 ParOldGen       total 32768K, used 11411K [0x77800000, 0x79800000, 0x96ec0000)
  object space 32768K, 34% used [0x77800000,0x78324d20,0x79800000)
 Metaspace       used 10393K, capacity 11368K, committed 11416K, reserved 11568K
GC Heap History (10 events):
Event: 44,467 GC heap after
Heap after GC invocations=10 (full 0):
 PSYoungGen      total 41216K, used 1003K [0x96ec0000, 0x99bc0000, 0xa6a00000)
  eden space 37120K, 0% used [0x96ec0000,0x96ec0000,0x99300000)
  from space 4096K, 24% used [0x99740000,0x9983ac78,0x99b40000)
  to   space 4352K, 0% used [0x99300000,0x99300000,0x99740000)
 ParOldGen       total 32768K, used 8000K [0x77800000, 0x79800000, 0x96ec0000)
  object space 32768K, 24% used [0x77800000,0x77fd0268,0x79800000)
 Metaspace       used 10153K, capacity 11050K, committed 11160K, reserved 11568K
}
Event: 44,745 GC heap before
{Heap before GC invocations=11 (full 0):
 PSYoungGen      total 41216K, used 38123K [0x96ec0000, 0x99bc0000, 0xa6a00000)
  eden space 37120K, 100% used [0x96ec0000,0x99300000,0x99300000)
  from space 4096K, 24% used [0x99740000,0x9983ac78,0x99b40000)
  to   space 4352K, 0% used [0x99300000,0x99300000,0x99740000)
 ParOldGen       total 32768K, used 8000K [0x77800000, 0x79800000, 0x96ec0000)
  object space 32768K, 24% used [0x77800000,0x77fd0268,0x79800000)
 Metaspace       used 10195K, capacity 11088K, committed 11160K, reserved 11568K
Event: 44,774 GC heap after
Heap after GC invocations=11 (full 0):
 PSYoungGen      total 41472K, used 536K [0x96ec0000, 0x9b140000, 0xa6a00000)
  eden space 37120K, 0% used [0x96ec0000,0x96ec0000,0x99300000)
  from space 4352K, 12% used [0x99300000,0x99386020,0x99740000)
  to   space 4352K, 0% used [0x9ad00000,0x9ad00000,0x9b140000)
 ParOldGen       total 32768K, used 8888K [0x77800000, 0x79800000, 0x96ec0000)
  object space 32768K, 27% used [0x77800000,0x780ae190,0x79800000)
 Metaspace       used 10195K, capacity 11088K, committed 11160K, reserved 11568K
}
Event: 44,858 GC heap before
{Heap before GC invocations=12 (full 0):
 PSYoungGen      total 41472K, used 37656K [0x96ec0000, 0x9b140000, 0xa6a00000)
  eden space 37120K, 100% used [0x96ec0000,0x99300000,0x99300000)
  from space 4352K, 12% used [0x99300000,0x99386020,0x99740000)
  to   space 4352K, 0% used [0x9ad00000,0x9ad00000,0x9b140000)
 ParOldGen       total 32768K, used 8888K [0x77800000, 0x79800000, 0x96ec0000)
  object space 32768K, 27% used [0x77800000,0x780ae190,0x79800000)
 Metaspace       used 10232K, capacity 11126K, committed 11160K, reserved 11568K
Event: 44,868 GC heap after
Heap after GC invocations=12 (full 0):
 PSYoungGen      total 63488K, used 480K [0x96ec0000, 0x9b1c0000, 0xa6a00000)
  eden space 59136K, 0% used [0x96ec0000,0x96ec0000,0x9a880000)
  from space 4352K, 11% used [0x9ad00000,0x9ad78000,0x9b140000)
  to   space 4608K, 0% used [0x9a880000,0x9a880000,0x9ad00000)
 ParOldGen       total 32768K, used 9392K [0x77800000, 0x79800000, 0x96ec0000)
  object space 32768K, 28% used [0x77800000,0x7812c1b0,0x79800000)
 Metaspace       used 10232K, capacity 11126K, committed 11160K, reserved 11568K
}
Event: 45,111 GC heap before
{Heap before GC invocations=13 (full 0):
 PSYoungGen      total 63488K, used 59616K [0x96ec0000, 0x9b1c0000, 0xa6a00000)
  eden space 59136K, 100% used [0x96ec0000,0x9a880000,0x9a880000)
  from space 4352K, 11% used [0x9ad00000,0x9ad78000,0x9b140000)
  to   space 4608K, 0% used [0x9a880000,0x9a880000,0x9ad00000)
 ParOldGen       total 32768K, used 9392K [0x77800000, 0x79800000, 0x96ec0000)
  object space 32768K, 28% used [0x77800000,0x7812c1b0,0x79800000)
 Metaspace       used 10304K, capacity 11230K, committed 11288K, reserved 11568K
Event: 45,125 GC heap after
Heap after GC invocations=13 (full 0):
 PSYoungGen      total 63744K, used 920K [0x96ec0000, 0x9d440000, 0xa6a00000)
  eden space 59136K, 0% used [0x96ec0000,0x96ec0000,0x9a880000)
  from space 4608K, 19% used [0x9a880000,0x9a966060,0x9ad00000)
  to   space 4608K, 0% used [0x9cfc0000,0x9cfc0000,0x9d440000)
 ParOldGen       total 32768K, used 9800K [0x77800000, 0x79800000, 0x96ec0000)
  object space 32768K, 29% used [0x77800000,0x781921b0,0x79800000)
 Metaspace       used 10304K, capacity 11230K, committed 11288K, reserved 11568K
}
Event: 50,420 GC heap before
{Heap before GC invocations=14 (full 0):
 PSYoungGen      total 63744K, used 60056K [0x96ec0000, 0x9d440000, 0xa6a00000)
  eden space 59136K, 100% used [0x96ec0000,0x9a880000,0x9a880000)
  from space 4608K, 19% used [0x9a880000,0x9a966060,0x9ad00000)
  to   space 4608K, 0% used [0x9cfc0000,0x9cfc0000,0x9d440000)
 ParOldGen       total 32768K, used 9800K [0x77800000, 0x79800000, 0x96ec0000)
  object space 32768K, 29% used [0x77800000,0x781921b0,0x79800000)
 Metaspace       used 10391K, capacity 11366K, committed 11416K, reserved 11568K
Event: 50,991 GC heap after
Heap after GC invocations=14 (full 0):
 PSYoungGen      total 98816K, used 848K [0x96ec0000, 0x9d3c0000, 0xa6a00000)
  eden space 94720K, 0% used [0x96ec0000,0x96ec0000,0x9cb40000)
  from space 4096K, 20% used [0x9cfc0000,0x9d094010,0x9d3c0000)
  to   space 4352K, 0% used [0x9cb40000,0x9cb40000,0x9cf80000)
 ParOldGen       total 32768K, used 10595K [0x77800000, 0x79800000, 0x96ec0000)
  object space 32768K, 32% used [0x77800000,0x78258d00,0x79800000)
 Metaspace       used 10391K, capacity 11366K, committed 11416K, reserved 11568K
}
Event: 51,202 GC heap before
{Heap before GC invocations=15 (full 0):
 PSYoungGen      total 98816K, used 95568K [0x96ec0000, 0x9d3c0000, 0xa6a00000)
  eden space 94720K, 100% used [0x96ec0000,0x9cb40000,0x9cb40000)
  from space 4096K, 20% used [0x9cfc0000,0x9d094010,0x9d3c0000)
  to   space 4352K, 0% used [0x9cb40000,0x9cb40000,0x9cf80000)
 ParOldGen       total 32768K, used 10595K [0x77800000, 0x79800000, 0x96ec0000)
  object space 32768K, 32% used [0x77800000,0x78258d00,0x79800000)
 Metaspace       used 10393K, capacity 11368K, committed 11416K, reserved 11568K

